Using pre-set license
Built from '2020.3/china_unity/release' branch; Version is '2020.3.15f2c1 (b25d0e34ed8a) revision 11689230'; Using compiler version '192528614'; Build Type 'Release'
OS: 'Windows 10 Home China; OS build 22621.1265; Version 2009; 64bit' Language: 'zh' Physical Memory: 16108 MB
BatchMode: 1, IsHumanControllingUs: 0, StartBugReporterOnCrash: 0, Is64bit: 1, IsPro: 0

 COMMAND LINE ARGUMENTS:
Z:\UnityEditor\2020.3.15f2c1\Editor\Unity.exe
-adb2
-batchMode
-noUpm
-name
AssetImportWorker0
-projectPath
Z:/CUHKSZ/VTOL/VTOL_test
-logFile
Logs/AssetImportWorker0.log
-srvPort
56217
Successfully changed project path to: Z:/CUHKSZ/VTOL/VTOL_test
Z:/CUHKSZ/VTOL/VTOL_test
Using Asset Import Pipeline V2.
Refreshing native plugins compatible for Editor in 30.53 ms, found 2 plugins.
Preloading 0 native plugins for Editor in 0.00 ms.
Initialize engine version: 2020.3.15f2c1 (b25d0e34ed8a)
[Subsystems] Discovering subsystems at path Z:/UnityEditor/2020.3.15f2c1/Editor/Data/Resources/UnitySubsystems
[Subsystems] Discovering subsystems at path Z:/CUHKSZ/VTOL/VTOL_test/Assets
GfxDevice: creating device client; threaded=0
Direct3D:
    Version:  Direct3D 11.0 [level 11.1]
    Renderer: NVIDIA GeForce RTX 3050 Laptop GPU (ID=0x25e2)
    Vendor:   
    VRAM:     3991 MB
    Driver:   31.0.15.1700
Initialize mono
Mono path[0] = 'Z:/UnityEditor/2020.3.15f2c1/Editor/Data/Managed'
Mono path[1] = 'Z:/UnityEditor/2020.3.15f2c1/Editor/Data/MonoBleedingEdge/lib/mono/unityjit'
Mono config path = 'Z:/UnityEditor/2020.3.15f2c1/Editor/Data/MonoBleedingEdge/etc'
Using monoOptions --debugger-agent=transport=dt_socket,embedding=1,server=y,suspend=n,address=127.0.0.1:56732
Begin MonoManager ReloadAssembly
Registering precompiled unity dll's ...
Register platform support module: Z:/UnityEditor/2020.3.15f2c1/Editor/Data/PlaybackEngines/WindowsStandaloneSupport/UnityEditor.WindowsStandalone.Extensions.dll
Registered in 0.000669 seconds.
Native extension for WindowsStandalone target not found
Refreshing native plugins compatible for Editor in 28.57 ms, found 2 plugins.
Preloading 0 native plugins for Editor in 0.00 ms.
Mono: successfully reloaded assembly
- Completed reload, in  0.698 seconds
Domain Reload Profiling:
	ReloadAssembly (698ms)
		BeginReloadAssembly (57ms)
			ExecutionOrderSort (0ms)
			DisableScriptedObjects (0ms)
			BackupInstance (0ms)
			ReleaseScriptingObjects (0ms)
			CreateAndSetChildDomain (1ms)
		EndReloadAssembly (266ms)
			LoadAssemblies (57ms)
			RebuildTransferFunctionScriptingTraits (0ms)
			SetupTypeCache (89ms)
			ReleaseScriptCaches (0ms)
			RebuildScriptCaches (18ms)
			SetupLoadedEditorAssemblies (109ms)
				LogAssemblyErrors (0ms)
				InitializePlatformSupportModulesInManaged (3ms)
				SetLoadedEditorAssemblies (0ms)
				RefreshPlugins (29ms)
				BeforeProcessingInitializeOnLoad (7ms)
				ProcessInitializeOnLoadAttributes (53ms)
				ProcessInitializeOnLoadMethodAttributes (17ms)
				AfterProcessingInitializeOnLoad (0ms)
				EditorAssembliesLoaded (0ms)
			ExecutionOrderSort2 (0ms)
			AwakeInstancesAfterBackupRestoration (0ms)
Platform modules already initialized, skipping
Registering precompiled user dll's ...
Registered in 0.002395 seconds.
Begin MonoManager ReloadAssembly
Native extension for WindowsStandalone target not found
Refreshing native plugins compatible for Editor in 0.38 ms, found 2 plugins.
Preloading 0 native plugins for Editor in 0.00 ms.
Mono: successfully reloaded assembly
- Completed reload, in  0.999 seconds
Domain Reload Profiling:
	ReloadAssembly (1000ms)
		BeginReloadAssembly (112ms)
			ExecutionOrderSort (0ms)
			DisableScriptedObjects (3ms)
			BackupInstance (0ms)
			ReleaseScriptingObjects (0ms)
			CreateAndSetChildDomain (14ms)
		EndReloadAssembly (852ms)
			LoadAssemblies (83ms)
			RebuildTransferFunctionScriptingTraits (0ms)
			SetupTypeCache (174ms)
			ReleaseScriptCaches (0ms)
			RebuildScriptCaches (25ms)
			SetupLoadedEditorAssemblies (540ms)
				LogAssemblyErrors (0ms)
				InitializePlatformSupportModulesInManaged (3ms)
				SetLoadedEditorAssemblies (0ms)
				RefreshPlugins (1ms)
				BeforeProcessingInitializeOnLoad (67ms)
				ProcessInitializeOnLoadAttributes (465ms)
				ProcessInitializeOnLoadMethodAttributes (3ms)
				AfterProcessingInitializeOnLoad (1ms)
				EditorAssembliesLoaded (0ms)
			ExecutionOrderSort2 (0ms)
			AwakeInstancesAfterBackupRestoration (4ms)
Platform modules already initialized, skipping
========================================================================
Worker process is ready to serve import requests
Launched and connected shader compiler UnityShaderCompiler.exe after 0.03 seconds
Refreshing native plugins compatible for Editor in 0.35 ms, found 2 plugins.
Preloading 0 native plugins for Editor in 0.00 ms.
Unloading 1436 Unused Serialized files (Serialized files now loaded: 0)
System memory in use before: 70.2 MB.
System memory in use after: 70.2 MB.

Unloading 18 unused Assets to reduce memory usage. Loaded Objects now: 1874.
Total: 2.109200 ms (FindLiveObjects: 0.091300 ms CreateObjectMapping: 0.025800 ms MarkObjects: 1.931600 ms  DeleteObjects: 0.059400 ms)

AssetImportParameters requested are different than current active one (requested -> active):
  custom:framework-win-MediaFoundation: 216162199b28c13a410421893ffa2e32 -> 
  custom:video-decoder-ogg-theora: a1e56fd34408186e4bbccfd4996cb3dc -> 
  custom:container-muxer-webm: aa71ff27fc2769a1b78a27578f13a17b -> 
  custom:container-demuxer-webm: 4f35f7cbe854078d1ac9338744f61a02 -> 
  custom:container-demuxer-ogg: 62fdf1f143b41e24485cea50d1cbac27 -> 
  custom:video-encoder-webm-vp8: eb34c28f22e8b96e1ab97ce403110664 -> 
  custom:video-codec-MediaFoundation-h265: 746d11721c4dcdbdad8f713fa42b33f4 -> 
  custom:video-decoder-webm-vp8: 9c59270c3fd7afecdb556c50c9e8de78 -> 
  custom:audio-decoder-ogg-vorbis: bf7c407c2cedff20999df2af8eb42d56 -> 
  custom:audio-encoder-webm-vorbis: bf7c407c2cedff20999df2af8eb42d56 -> 
========================================================================
Received Import Request.
  path: Assets/Prefabs/Drones/Low_Poly_Drone01/Low_Poly_Drone01 prefab.prefab
  artifactKey: Guid(52e8b7b0ea7cb6640b1d2cca16fd3241) Importer(815301076,1909f56bfc062723c751e8b465ee728b)
Start importing Assets/Prefabs/Drones/Low_Poly_Drone01/Low_Poly_Drone01 prefab.prefab using Guid(52e8b7b0ea7cb6640b1d2cca16fd3241) Importer(815301076,1909f56bfc062723c751e8b465ee728b)  -> (artifact id: '8c1e2d078e4ed08632ae6af45b64a945') in 0.110042 seconds 
  Import took 0.112815 seconds .

========================================================================
Received Import Request.
  Time since last request: 0.000523 seconds.
  path: Assets/Prefabs/Drones/Low_Poly_Drone01
  artifactKey: Guid(5f5ea8e81a8847e4391c87f3561f9ba9) Importer(815301076,1909f56bfc062723c751e8b465ee728b)
Start importing Assets/Prefabs/Drones/Low_Poly_Drone01 using Guid(5f5ea8e81a8847e4391c87f3561f9ba9) Importer(815301076,1909f56bfc062723c751e8b465ee728b)  -> (artifact id: '038461205c1546ba05718bb935e8c189') in 0.001619 seconds 
  Import took 0.003621 seconds .

========================================================================
Received Import Request.
  Time since last request: 0.000400 seconds.
  path: Assets/Prefabs/Drones
  artifactKey: Guid(5015fe68313a83b4f9199b8ba25108eb) Importer(815301076,1909f56bfc062723c751e8b465ee728b)
Start importing Assets/Prefabs/Drones using Guid(5015fe68313a83b4f9199b8ba25108eb) Importer(815301076,1909f56bfc062723c751e8b465ee728b)  -> (artifact id: 'a4ec57179e78d5046c6c2e89629efe8e') in 0.002118 seconds 
  Import took 0.004297 seconds .

========================================================================
Received Import Request.
  Time since last request: 23.935825 seconds.
  path: Assets/Prefabs/Low_Poly_DronePID Variant.prefab
  artifactKey: Guid(8c8be071ee1786943b1c2455bc4f0462) Importer(815301076,1909f56bfc062723c751e8b465ee728b)
Start importing Assets/Prefabs/Low_Poly_DronePID Variant.prefab using Guid(8c8be071ee1786943b1c2455bc4f0462) Importer(815301076,1909f56bfc062723c751e8b465ee728b)  -> (artifact id: '22c49dd0521c81ac96200bcc5607a694') in 0.025210 seconds 
  Import took 0.028169 seconds .

========================================================================
Received Import Request.
  Time since last request: 0.001517 seconds.
  path: Assets/Prefabs/Low_Poly_DronePID Variant.prefab
  artifactKey: Guid(8c8be071ee1786943b1c2455bc4f0462) Importer(815301076,1909f56bfc062723c751e8b465ee728b)
Start importing Assets/Prefabs/Low_Poly_DronePID Variant.prefab using Guid(8c8be071ee1786943b1c2455bc4f0462) Importer(815301076,1909f56bfc062723c751e8b465ee728b)  -> (artifact id: '22c49dd0521c81ac96200bcc5607a694') in 0.026598 seconds 
  Import took 0.028926 seconds .

========================================================================
Received Import Request.
  Time since last request: 19.328905 seconds.
  path: Assets/Prefabs/Drones/Low_Poly_DronePID.prefab
  artifactKey: Guid(1a21465a3efe6734c9b2a3b72c9d4f7b) Importer(815301076,1909f56bfc062723c751e8b465ee728b)
Start importing Assets/Prefabs/Drones/Low_Poly_DronePID.prefab using Guid(1a21465a3efe6734c9b2a3b72c9d4f7b) Importer(815301076,1909f56bfc062723c751e8b465ee728b)  -> (artifact id: '7c3c2c05bea8afb5140b0de1d0fe4c6c') in 0.022004 seconds 
  Import took 0.025065 seconds .

AssetImportWorkerClient::OnTransportError - code=2 error=End of file
